\BOOKMARK [1][-]{section.5}{Introduction}{}% 1
\BOOKMARK [1][-]{section.7}{Problem Formulation}{}% 2
\BOOKMARK [1][-]{section.9}{Data Description}{}% 3
\BOOKMARK [2][-]{subsection.15}{An example user's trace}{section.9}% 4
\BOOKMARK [1][-]{section.18}{Estimate Speed}{}% 5
\BOOKMARK [2][-]{subsection.20}{Structure overview}{section.18}% 6
\BOOKMARK [2][-]{subsection.23}{Passing boundary event}{section.18}% 7
\BOOKMARK [2][-]{subsection.26}{distance lower bound estimation}{section.18}% 8
\BOOKMARK [2][-]{subsection.31}{speed estimation}{section.18}% 9
\BOOKMARK [3][-]{subsubsection.36}{speed compensation}{subsection.31}% 10
\BOOKMARK [1][-]{section.38}{Findings - reveal correlation of speed and mobile data access}{}% 11
\BOOKMARK [2][-]{subsection.40}{experiment settings}{section.38}% 12
\BOOKMARK [2][-]{subsection.43}{correlation of speed and mobile data access volume}{section.38}% 13
\BOOKMARK [2][-]{subsection.46}{speed and mobile data access frequency}{section.38}% 14
\BOOKMARK [2][-]{subsection.49}{speed and mobile data access pattern}{section.38}% 15
\BOOKMARK [3][-]{subsubsection.51}{App category information}{subsection.49}% 16
\BOOKMARK [1][-]{section.55}{Relate Work}{}% 17
\BOOKMARK [2][-]{subsection.57}{Smartphone app usage}{section.55}% 18
\BOOKMARK [2][-]{subsection.59}{User mobility}{section.55}% 19
\BOOKMARK [2][-]{subsection.61}{Geospatial app usage}{section.55}% 20
\BOOKMARK [1][-]{section.63}{Conclusions}{}% 21
\BOOKMARK [1][-]{section.65}{References }{}% 22
